<?xml version="1.0" encoding="UTF-8"?>
<!-- Generated by org.testng.reporters.JUnitReportReporter -->
<testsuite skipped="0" hostname="BDN" name="com.example.demo.controller.UserControllerTest" tests="1" failures="0" timestamp="2020-06-01T20:47:29 ICT" time="2.645" errors="0">
  <testcase name="PerformApiUserWithParams_Then_ReturnAUser2" time="2.645" classname="com.example.demo.controller.UserControllerTest"/>
</testsuite> <!-- com.example.demo.controller.UserControllerTest -->
