<?xml version="1.0" encoding="UTF-8"?>
<!-- Generated by org.testng.reporters.JUnitReportReporter -->
<testsuite skipped="0" hostname="BDN" name="com.example.demo.service.MockDependenciesUserServiceImplTest" tests="5" failures="0" timestamp="2020-06-01T16:18:29 ICT" time="0.823" errors="0">
  <testcase name="deleteById_is_done_by_dao_delete" time="0.711" classname="com.example.demo.service.MockDependenciesUserServiceImplTest"/>
  <testcase name="findById_not_found" time="0.016" classname="com.example.demo.service.MockDependenciesUserServiceImplTest"/>
  <testcase name="findById_found" time="0.053" classname="com.example.demo.service.MockDependenciesUserServiceImplTest"/>
  <testcase name="searchByCompanyName_found" time="0.013" classname="com.example.demo.service.MockDependenciesUserServiceImplTest"/>
  <testcase name="searchByCompanyName_not_found" time="0.030" classname="com.example.demo.service.MockDependenciesUserServiceImplTest"/>
</testsuite> <!-- com.example.demo.service.MockDependenciesUserServiceImplTest -->
