<?xml version="1.0" encoding="UTF-8"?>
<!-- Generated by org.testng.reporters.JUnitReportReporter -->
<testsuite skipped="0" hostname="BDN" name="com.example.demo.SpringBootHelloWorldTests" tests="1" failures="0" timestamp="2020-05-02T16:13:30 ICT" time="0.359" errors="0">
  <testcase name="testEmployee" time="0.359" classname="com.example.demo.SpringBootHelloWorldTests"/>
</testsuite> <!-- com.example.demo.SpringBootHelloWorldTests -->
