<?xml version="1.0" encoding="UTF-8"?>
<!-- Generated by org.testng.reporters.JUnitReportReporter -->
<testsuite skipped="0" hostname="BDN" name="com.example.demo.service.UserServiceIntegrationTest" tests="3" failures="0" timestamp="2020-06-01T16:24:52 ICT" time="1.747" errors="0">
  <testcase name="searchByCompanyName_return_empty_when_not_found" time="0.226" classname="com.example.demo.service.UserServiceIntegrationTest"/>
  <testcase name="findById_throw_exception_when_not_found" time="0.632" classname="com.example.demo.service.UserServiceIntegrationTest"/>
  <testcase name="test_save_findById_searchByCompanyName" time="0.889" classname="com.example.demo.service.UserServiceIntegrationTest"/>
</testsuite> <!-- com.example.demo.service.UserServiceIntegrationTest -->
