<?xml version="1.0" encoding="UTF-8"?>
<!-- Generated by org.testng.reporters.JUnitReportReporter -->
<testsuite skipped="0" hostname="BDN" name="com.example.demo.service.TransformServiceTest" tests="2" failures="0" timestamp="2020-06-01T16:18:29 ICT" time="0.042" errors="0">
  <testcase name="test_toDomain" time="0.006" classname="com.example.demo.service.TransformServiceTest"/>
  <testcase name="test_toEntity" time="0.036" classname="com.example.demo.service.TransformServiceTest"/>
</testsuite> <!-- com.example.demo.service.TransformServiceTest -->
