<?xml version="1.0" encoding="UTF-8"?>
<!-- Generated by org.testng.reporters.JUnitReportReporter -->
<testsuite skipped="0" hostname="BDN" name="com.example.demo.service.MockUserServiceImplTest" tests="3" failures="0" timestamp="2020-06-01T16:18:29 ICT" time="0.050" errors="0">
  <testcase name="searchByCompanyName_found" time="0.006" classname="com.example.demo.service.MockUserServiceImplTest"/>
  <testcase name="findById_not_found" time="0.027" classname="com.example.demo.service.MockUserServiceImplTest"/>
  <testcase name="findById_found" time="0.017" classname="com.example.demo.service.MockUserServiceImplTest"/>
</testsuite> <!-- com.example.demo.service.MockUserServiceImplTest -->
