<?xml version="1.0" encoding="UTF-8"?>
<!-- Generated by org.testng.reporters.JUnitReportReporter -->
<testsuite skipped="0" hostname="BDN" name="latihan.testing.TestCheckedException" tests="2" failures="0" timestamp="2020-05-02T11:24:09 ICT" time="0.010" errors="0">
  <testcase name="throwIfOrderNotFoundNullNumber" time="0.009" classname="latihan.testing.TestCheckedException"/>
  <testcase name="throwIfOrderNumberNotSupplied" time="0.001" classname="latihan.testing.TestCheckedException"/>
</testsuite> <!-- latihan.testing.TestCheckedException -->
