<?xml version="1.0" encoding="UTF-8"?>
<!-- Generated by org.testng.reporters.JUnitReportReporter -->
<testsuite skipped="0" hostname="BDN" name="latihan.testing.TestRuntimeException" tests="1" failures="0" timestamp="2020-05-02T11:12:42 ICT" time="0.012" errors="0">
  <testcase name="divisionByZeroException" time="0.012" classname="latihan.testing.TestRuntimeException"/>
</testsuite> <!-- latihan.testing.TestRuntimeException -->
