<?xml version="1.0" encoding="UTF-8"?>
<!-- Generated by org.testng.reporters.JUnitReportReporter -->
<testsuite skipped="0" hostname="BDN" name="com.practice.test.MoneyTest" tests="1" failures="0" timestamp="2020-05-26T09:47:59 ICT" time="0.016" errors="0">
  <testcase name="constructorShoultSetAmountAndCurrency" time="0.016" classname="com.practice.test.MoneyTest"/>
</testsuite> <!-- com.practice.test.MoneyTest -->
