<?xml version="1.0" encoding="UTF-8"?>
<!-- Generated by org.testng.reporters.JUnitReportReporter -->
<testsuite skipped="0" hostname="BDN" name="example.testing.utils.StringUtilsConcateTest" tests="1" failures="0" timestamp="2020-06-01T10:45:44 ICT" time="0.025" errors="0">
  <testcase name="testConcateTwoString2" time="0.025" classname="example.testing.utils.StringUtilsConcateTest"/>
</testsuite> <!-- example.testing.utils.StringUtilsConcateTest -->
