<?xml version="1.0" encoding="UTF-8"?>
<!-- Generated by org.testng.reporters.JUnitReportReporter -->
<testsuite skipped="0" hostname="BDN" name="latihan.testing.HelloWorldTest" tests="1" failures="0" timestamp="2020-05-02T10:11:49 ICT" time="0.016" errors="0">
  <testcase name="generateEmailDefault" time="0.016" classname="latihan.testing.HelloWorldTest"/>
</testsuite> <!-- latihan.testing.HelloWorldTest -->
