<?xml version="1.0" encoding="UTF-8"?>
<!-- Generated by org.testng.reporters.JUnitReportReporter -->
<testsuite skipped="0" hostname="BDN" name="example.testing.behaviour.BankAccountTest" tests="3" failures="0" timestamp="2020-06-01T22:02:15 ICT" time="0.090" errors="0">
  <testcase name="testBalance" time="0.072" classname="example.testing.behaviour.BankAccountTest"/>
  <testcase name="testWithdraw" time="0.010" classname="example.testing.behaviour.BankAccountTest"/>
  <testcase name="testDeposit" time="0.008" classname="example.testing.behaviour.BankAccountTest"/>
</testsuite> <!-- example.testing.behaviour.BankAccountTest -->
