<?xml version="1.0" encoding="UTF-8"?>
<!-- Generated by org.testng.reporters.JUnitReportReporter -->
<testsuite skipped="0" hostname="BDN" name="com.practice.test.mock.MockitoThrowingDesiredExceptionsTest" tests="1" failures="0" timestamp="2020-05-26T12:56:54 ICT" time="0.073" errors="0">
  <testcase name="throwException" time="0.073" classname="com.practice.test.mock.MockitoThrowingDesiredExceptionsTest"/>
</testsuite> <!-- com.practice.test.mock.MockitoThrowingDesiredExceptionsTest -->
