<?xml version="1.0" encoding="UTF-8"?>
<!-- Generated by org.testng.reporters.JUnitReportReporter -->
<testsuite skipped="0" hostname="BDN" name="latihan.testing.TestConfiguration" tests="2" failures="0" timestamp="2020-05-02T11:07:15 ICT" time="0.011" errors="0">
  <testcase name="runTest1" time="0.009" classname="latihan.testing.TestConfiguration"/>
  <testcase name="runTest2" time="0.002" classname="latihan.testing.TestConfiguration"/>
</testsuite> <!-- latihan.testing.TestConfiguration -->
