<?xml version="1.0" encoding="UTF-8"?>
<!-- Generated by org.testng.reporters.JUnitReportReporter -->
<testsuite skipped="0" hostname="BDN" name="com.practice.test.mock.FirstMockitoTest" tests="1" failures="0" timestamp="2020-05-26T12:40:59 ICT" time="0.047" errors="0">
  <testcase name="testDefaultBehaviourOfTestDouble" time="0.047" classname="com.practice.test.mock.FirstMockitoTest"/>
</testsuite> <!-- com.practice.test.mock.FirstMockitoTest -->
