<?xml version="1.0" encoding="UTF-8"?>
<!-- Generated by org.testng.reporters.JUnitReportReporter -->
<testsuite skipped="0" hostname="BDN" name="latihan.testing.TestGroup1" tests="1" failures="0" timestamp="2020-05-02T15:22:54 ICT" time="0.007" errors="0">
  <testcase name="testConnectOracle" time="0.007" classname="latihan.testing.TestGroup1"/>
</testsuite> <!-- latihan.testing.TestGroup1 -->
