<?xml version="1.0" encoding="UTF-8"?>
<!-- Generated by org.testng.reporters.JUnitReportReporter -->
<testsuite skipped="0" hostname="BDN" name="com.practice.test.MoneyTest2" tests="2" failures="0" timestamp="2020-05-26T10:02:23 ICT" time="0.016" errors="0">
  <testcase name="constructorShoultSetAmountAndCurrency" time="0.014" classname="com.practice.test.MoneyTest2"/>
  <testcase name="constructorShoultSetAmountAndCurrency" time="0.002" classname="com.practice.test.MoneyTest2"/>
</testsuite> <!-- com.practice.test.MoneyTest2 -->
