<?xml version="1.0" encoding="UTF-8"?>
<!-- Generated by org.testng.reporters.JUnitReportReporter -->
<testsuite skipped="0" hostname="BDN" name="com.practice.test.mock.MessengerTest" tests="1" failures="0" timestamp="2020-05-26T14:23:48 ICT" time="0.183" errors="0">
  <testcase name="shouldSendEmail" time="0.183" classname="com.practice.test.mock.MessengerTest"/>
</testsuite> <!-- com.practice.test.mock.MessengerTest -->
