<?xml version="1.0" encoding="UTF-8"?>
<!-- Generated by org.testng.reporters.JUnitReportReporter -->
<testsuite skipped="0" hostname="BDN" name="latihan.mockito.TestWithMockito" tests="1" failures="0" timestamp="2020-05-03T14:16:13 ICT" time="0.218" errors="0">
  <testcase name="testQuery" time="0.218" classname="latihan.mockito.TestWithMockito"/>
</testsuite> <!-- latihan.mockito.TestWithMockito -->
