<?xml version="1.0" encoding="UTF-8"?>
<!-- Generated by org.testng.reporters.JUnitReportReporter -->
<testsuite skipped="0" hostname="BDN" name="latihan.testing.TestGroup" tests="5" failures="0" timestamp="2020-05-02T11:55:26 ICT" time="0.039" errors="0">
  <testcase name="testConnectOracle" time="0.005" classname="latihan.testing.TestGroup"/>
  <testcase name="runSelenium" time="0.022" classname="latihan.testing.TestGroup"/>
  <testcase name="testConnectMsSQL" time="0.002" classname="latihan.testing.TestGroup"/>
  <testcase name="runSelenium1" time="0.005" classname="latihan.testing.TestGroup"/>
  <testcase name="runFinal" time="0.005" classname="latihan.testing.TestGroup"/>
</testsuite> <!-- latihan.testing.TestGroup -->
