<?xml version="1.0" encoding="UTF-8"?>
<!-- Generated by org.testng.reporters.JUnitReportReporter -->
<testsuite skipped="0" hostname="BDN" name="latihan.testing.TestDbConnection" tests="2" failures="0" timestamp="2020-05-02T11:07:35 ICT" time="0.016" errors="0">
  <testcase name="runOtherTest2" time="0.002" classname="latihan.testing.TestDbConnection"/>
  <testcase name="runOtherTest1" time="0.014" classname="latihan.testing.TestDbConnection"/>
</testsuite> <!-- latihan.testing.TestDbConnection -->
