<?xml version="1.0" encoding="UTF-8"?>
<!-- Generated by org.testng.reporters.JUnitReportReporter -->
<testsuite skipped="1" hostname="BDN" name="latihan.testing.TestIgnore" tests="3" failures="0" timestamp="2020-05-02T11:29:37 ICT" time="0.021" errors="0">
  <testcase name="test2" time="0.002" classname="latihan.testing.TestIgnore"/>
  <testcase name="test1" time="0.019" classname="latihan.testing.TestIgnore"/>
  <testcase name="test3" classname="latihan.testing.TestIgnore">
    <skipped/>
  </testcase> <!-- test3 -->
</testsuite> <!-- latihan.testing.TestIgnore -->
