<?xml version="1.0" encoding="UTF-8"?>
<!-- Generated by org.testng.reporters.JUnitReportReporter -->
<testsuite skipped="0" hostname="BDN" name="example.testing.mock.MockSpy" tests="4" failures="0" timestamp="2020-06-01T21:46:43 ICT" time="0.533" errors="0">
  <testcase name="testSpyList" time="0.261" classname="example.testing.mock.MockSpy"/>
  <testcase name="testSpyWithStub" time="0.039" classname="example.testing.mock.MockSpy"/>
  <testcase name="testMockWithStub" time="0.071" classname="example.testing.mock.MockSpy"/>
  <testcase name="testMockList" time="0.162" classname="example.testing.mock.MockSpy"/>
</testsuite> <!-- example.testing.mock.MockSpy -->
