<?xml version="1.0" encoding="UTF-8"?>
<!-- Generated by org.testng.reporters.JUnitReportReporter -->
<testsuite skipped="0" hostname="BDN" name="com.practice.test.ClientTest" tests="3" failures="0" timestamp="2020-05-26T10:44:03 ICT" time="0.021" errors="0">
  <testcase name="shouldAllowToAddManyAddresses" time="0.005" classname="com.practice.test.ClientTest"/>
  <testcase name="afterCreationShouldHaveNoAddress" time="0.015" classname="com.practice.test.ClientTest"/>
  <testcase name="shouldAllowToAddAddress" time="0.001" classname="com.practice.test.ClientTest"/>
</testsuite> <!-- com.practice.test.ClientTest -->
