<?xml version="1.0" encoding="UTF-8"?>
<!-- Generated by org.testng.reporters.JUnitReportReporter -->
<testsuite skipped="0" hostname="BDN" name="com.practice.test.MoneyIAETest" tests="5" failures="0" timestamp="2020-05-26T10:23:47 ICT" time="0.021" errors="0">
  <testcase name="shouldThrowIAEForInvalidAmount" time="0.002" classname="com.practice.test.MoneyIAETest"/>
  <testcase name="shouldThrowIAEForInvalidCurrency" time="0.001" classname="com.practice.test.MoneyIAETest"/>
  <testcase name="shouldThrowIAEForInvalidAmount" time="0.002" classname="com.practice.test.MoneyIAETest"/>
  <testcase name="shouldThrowIAEForInvalidAmount" time="0.013" classname="com.practice.test.MoneyIAETest"/>
  <testcase name="shouldThrowIAEForInvalidCurrency" time="0.003" classname="com.practice.test.MoneyIAETest"/>
</testsuite> <!-- com.practice.test.MoneyIAETest -->
